d:\unreal projects\hackslash\serversource\akcore\shared\util\debug\util.pch
d:\unreal projects\hackslash\serversource\akcore\shared\util\debug\vc120.pdb
d:\unreal projects\hackslash\serversource\akcore\shared\util\debug\vc120.idb
d:\unreal projects\hackslash\serversource\akcore\shared\util\debug\stdafx.obj
d:\unreal projects\hackslash\serversource\akcore\shared\util\debug\clogmessagemanager_globalerror.obj
d:\unreal projects\hackslash\serversource\akcore\shared\util\debug\clogmessagemanager_globallog.obj
d:\unreal projects\hackslash\serversource\akcore\shared\util\debug\clogmessagemanager_globaltrace.obj
d:\unreal projects\hackslash\serversource\akcore\shared\util\debug\aescipher.obj
d:\unreal projects\hackslash\serversource\akcore\shared\util\debug\blowfish.obj
d:\unreal projects\hackslash\serversource\akcore\shared\util\debug\cdes.obj
d:\unreal projects\hackslash\serversource\akcore\shared\util\debug\cipher.obj
d:\unreal projects\hackslash\serversource\akcore\shared\util\debug\cryptrsa.obj
d:\unreal projects\hackslash\serversource\akcore\shared\util\debug\md5.obj
d:\unreal projects\hackslash\serversource\akcore\shared\util\debug\ntlcipher.obj
d:\unreal projects\hackslash\serversource\akcore\shared\util\debug\tripledes.obj
d:\unreal projects\hackslash\serversource\akcore\shared\util\debug\twofishcipher.obj
d:\unreal projects\hackslash\serversource\akcore\shared\util\debug\ntlnavidata.obj
d:\unreal projects\hackslash\serversource\akcore\shared\util\debug\ntlnavidatamng.obj
d:\unreal projects\hackslash\serversource\akcore\shared\util\debug\ntlbitflagmanager.obj
d:\unreal projects\hackslash\serversource\akcore\shared\util\debug\ntlfileserializer.obj
d:\unreal projects\hackslash\serversource\akcore\shared\util\debug\ntlhex.obj
d:\unreal projects\hackslash\serversource\akcore\shared\util\debug\ntlserializer.obj
d:\unreal projects\hackslash\serversource\akcore\shared\util\debug\ntlstringhandler.obj
d:\unreal projects\hackslash\serversource\akcore\shared\util\debug\ntltokenizer.obj
d:\unreal projects\hackslash\serversource\akcore\shared\util\debug\cfixedstringlista.obj
d:\unreal projects\hackslash\serversource\akcore\shared\util\debug\cfixedstringlistw.obj
d:\unreal projects\hackslash\serversource\akcore\shared\util\debug\cfixedstringa.obj
d:\unreal projects\hackslash\serversource\akcore\shared\util\debug\cfixedstringa_format.obj
d:\unreal projects\hackslash\serversource\akcore\shared\util\debug\cfixedstringw.obj
d:\unreal projects\hackslash\serversource\akcore\shared\util\debug\cfixedstringw_format.obj
d:\unreal projects\hackslash\serversource\akcore\shared\util\debug\cbasequeue.obj
d:\unreal projects\hackslash\serversource\akcore\shared\util\debug\clogmessagemanager.obj
d:\unreal projects\hackslash\serversource\akcore\shared\util\debug\clogmessagemanager_format.obj
d:\unreal projects\hackslash\serversource\akcore\debug\util.lib
d:\unreal projects\hackslash\serversource\akcore\shared\util\debug\util.tlog\cl.command.1.tlog
d:\unreal projects\hackslash\serversource\akcore\shared\util\debug\util.tlog\cl.read.1.tlog
d:\unreal projects\hackslash\serversource\akcore\shared\util\debug\util.tlog\cl.write.1.tlog
d:\unreal projects\hackslash\serversource\akcore\shared\util\debug\util.tlog\lib-link.read.1.tlog
d:\unreal projects\hackslash\serversource\akcore\shared\util\debug\util.tlog\lib-link.write.1.tlog
d:\unreal projects\hackslash\serversource\akcore\shared\util\debug\util.tlog\lib.command.1.tlog
