c:\users\chaume_c\documents\visual studio 2013\projects\server\server\release\vc120.pdb
c:\users\chaume_c\documents\visual studio 2013\projects\server\server\release\select.obj
c:\users\chaume_c\documents\visual studio 2013\projects\server\server\release\main.obj
c:\users\chaume_c\documents\visual studio 2013\projects\server\server\release\socket.obj
c:\users\chaume_c\documents\visual studio 2013\projects\server\server\release\serverapp.obj
d:\unreal projects\thepathofdestiny\serversources\serverbis\server\release\vc120.pdb
d:\unreal projects\thepathofdestiny\serversources\serverbis\server\release\socket.obj
d:\unreal projects\thepathofdestiny\serversources\serverbis\server\release\serverapp.obj
d:\unreal projects\thepathofdestiny\serversources\serverbis\server\release\select.obj
d:\unreal projects\thepathofdestiny\serversources\serverbis\server\release\main.obj
c:\users\chaume_c\documents\visual studio 2013\projects\server\server\bin\server_x86.exe
c:\users\chaume_c\documents\visual studio 2013\projects\server\server\bin\server_x86.pdb
d:\unreal projects\thepathofdestiny\serversources\serverbis\server\bin\server_x86.exe
d:\unreal projects\thepathofdestiny\serversources\serverbis\server\bin\server_x86.pdb
d:\unreal projects\thepathofdestiny\serversources\serverbis\server\release\server.tlog\cl.command.1.tlog
d:\unreal projects\thepathofdestiny\serversources\serverbis\server\release\server.tlog\cl.read.1.tlog
d:\unreal projects\thepathofdestiny\serversources\serverbis\server\release\server.tlog\cl.write.1.tlog
d:\unreal projects\thepathofdestiny\serversources\serverbis\server\release\server.tlog\link.command.1.tlog
d:\unreal projects\thepathofdestiny\serversources\serverbis\server\release\server.tlog\link.read.1.tlog
d:\unreal projects\thepathofdestiny\serversources\serverbis\server\release\server.tlog\link.write.1.tlog
